Sat Jun 18 17:04:34 Saved as file ~undo.max
Sat Jun 18 17:04:45 Loaded file C:\OrCAD\OrCAD_10.5\tools\Layout\data\template.imp
Sat Jun 18 17:04:46 Loaded file C:\OrCAD\OrCAD_10.5\tools\Layout\data\template.imp
Sat Jun 18 17:04:46 Loaded file C:\OrCAD\OrCAD_10.5\tools\Layout\data\template.imp
Sat Jun 18 17:04:46 Loaded file C:\OrCAD\OrCAD_10.5\tools\Layout\data\template.imp
Sat Jun 18 17:04:49 Loaded file C:\OrCAD\OrCAD_10.5\tools\Layout\library\BCON100T.llb
Sat Jun 18 17:04:50 Loaded file C:\OrCAD\OrCAD_10.5\tools\Layout\data\template.imp
Sat Jun 18 17:04:56 Loaded file C:\OrCAD\OrCAD_10.5\tools\Layout\data\template.imp
Sat Jun 18 17:05:04 Saved as file ~undo.max
Sat Jun 18 17:05:17 Loaded file C:\OrCAD\OrCAD_10.5\tools\Layout\data\template.imp
Sat Jun 18 17:05:17 Loaded file C:\OrCAD\OrCAD_10.5\tools\Layout\data\template.imp
Sat Jun 18 17:05:17 Loaded file C:\OrCAD\OrCAD_10.5\tools\Layout\data\template.imp
Sat Jun 18 17:05:17 Loaded file C:\OrCAD\OrCAD_10.5\tools\Layout\data\template.imp
Sat Jun 18 17:05:21 Loaded file C:\OrCAD\OrCAD_10.5\tools\Layout\library\BCON100T.llb
Sat Jun 18 17:05:25 Loaded file C:\OrCAD\OrCAD_10.5\tools\Layout\data\template.imp
Sat Jun 18 17:05:34 Loaded file C:\OrCAD\OrCAD_10.5\tools\Layout\data\template.imp
Sat Jun 18 17:05:39 Saved as file ~undo.max
Sat Jun 18 17:05:55 Saved as file ~undo.max
Sat Jun 18 17:06:09 Saved as file ~undo.max
Sat Jun 18 17:06:30 Saved as file ~undo.max
Sat Jun 18 17:06:35 Saved as file ~undo.max
Sat Jun 18 17:06:40 Saved as file D:\STUDY\ORCAD\SEMI 5\UPDATED\GASLEVELSENSUPDATED-1.MAX
Sat Jun 18 17:06:51 Saved as file ~undo.max
Sat Jun 18 17:06:56 Saved as file ~undo.max
Sat Jun 18 17:07:37 Saved as file ~undo.max
Sat Jun 18 17:07:44 Saved as file ~undo.max
Sat Jun 18 17:07:58 Saved as file ~undo.max
Sat Jun 18 17:08:08 Saved as file ~undo.max
Sat Jun 18 17:08:26 Saved as file ~undo.max
Sat Jun 18 17:08:34 Saved as file ~undo.max
Sat Jun 18 17:08:38 Saved as file ~undo.max
Sat Jun 18 17:08:48 Saved as file ~undo.max
Sat Jun 18 17:08:52 Saved as file ~undo.max
Sat Jun 18 17:09:07 Loaded file C:\OrCAD\OrCAD_10.5\tools\Layout\data\template.imp
Sat Jun 18 17:09:07 Loaded file C:\OrCAD\OrCAD_10.5\tools\Layout\data\template.imp
Sat Jun 18 17:09:07 Loaded file C:\OrCAD\OrCAD_10.5\tools\Layout\data\template.imp
Sat Jun 18 17:09:07 Loaded file C:\OrCAD\OrCAD_10.5\tools\Layout\data\template.imp
Sat Jun 18 17:10:07 Loaded file C:\OrCAD\OrCAD_10.5\tools\Layout\library\TM_AXIAL.llb
Sat Jun 18 17:10:08 Loaded file C:\OrCAD\OrCAD_10.5\tools\Layout\data\template.imp
Sat Jun 18 17:10:11 Loaded file C:\OrCAD\OrCAD_10.5\tools\Layout\data\template.imp
Sat Jun 18 17:10:19 Loaded file C:\OrCAD\OrCAD_10.5\tools\Layout\data\template.imp
Sat Jun 18 17:10:27 Loaded file C:\OrCAD\OrCAD_10.5\tools\Layout\data\template.imp
Sat Jun 18 17:10:31 Loaded file C:\OrCAD\OrCAD_10.5\tools\Layout\data\template.imp
Sat Jun 18 17:10:32 Loaded file C:\OrCAD\OrCAD_10.5\tools\Layout\data\template.imp
Sat Jun 18 17:10:33 Loaded file C:\OrCAD\OrCAD_10.5\tools\Layout\data\template.imp
Sat Jun 18 17:10:35 Loaded file C:\OrCAD\OrCAD_10.5\tools\Layout\data\template.imp
Sat Jun 18 17:10:43 Saved as file ~undo.max
Sat Jun 18 17:11:00 Saved as file ~undo.max
Sat Jun 18 17:11:06 Saved as file ~undo.max
Sat Jun 18 17:11:16 Saved as file ~undo.max
Sat Jun 18 17:11:26 Saved as file ~undo.max
Sat Jun 18 17:11:28 Saved as file ~undo.max
Sat Jun 18 17:11:33 Saved as file ~undo.max
Sat Jun 18 17:11:45 Saved as file ~undo.max
Sat Jun 18 17:11:58 Saved as file ~undo.max
Sat Jun 18 17:12:04 Saved as file ~undo.max
Sat Jun 18 17:12:08 Saved as file ~undo.max
Sat Jun 18 17:12:14 Saved as file ~undo.max
Sat Jun 18 17:12:18 Saved as file ~undo.max
Sat Jun 18 17:12:29 Saved as file ~undo.max
Sat Jun 18 17:12:34 Saved as file ~undo.max
Sat Jun 18 17:12:50 Saved as file ~undo.max
Sat Jun 18 17:12:54 Saved as file ~undo.max
Sat Jun 18 17:13:06 Saved as file ~undo.max
Sat Jun 18 17:13:13 Saved as file ~undo.max
Sat Jun 18 17:13:18 Saved as file ~undo.max
Sat Jun 18 17:13:19 Saved as file BACKUP1.MAX
Sat Jun 18 17:13:21 Saved as file ~undo.max
Sat Jun 18 17:13:25 Saved as file ~undo.max
Sat Jun 18 17:13:44 Saved as file ~undo.max
Sat Jun 18 17:13:51 Saved as file ~undo.max
Sat Jun 18 17:14:06 Saved as file ~undo.max
Sat Jun 18 17:14:11 Saved as file ~undo.max
Sat Jun 18 17:14:18 Saved as file ~undo.max
Sat Jun 18 17:14:31 Saved as file ~undo.max
Sat Jun 18 17:14:50 Saved as file ~undo.max
Sat Jun 18 17:14:52 Saved as file ~undo.max
Sat Jun 18 17:15:36 Saved as file ~undo.max
Sat Jun 18 17:15:39 Saved as file ~undo.max
Sat Jun 18 17:15:51 Saved as file ~undo.max
Sat Jun 18 17:18:02 Saved as file ~undo.max
Sat Jun 18 17:18:51 Saved as file ~undo.max
Sat Jun 18 17:19:29 Loaded file C:\OrCAD\OrCAD_10.5\tools\Layout\data\template.imp
Sat Jun 18 17:19:29 Loaded file C:\OrCAD\OrCAD_10.5\tools\Layout\data\template.imp
Sat Jun 18 17:19:29 Loaded file C:\OrCAD\OrCAD_10.5\tools\Layout\data\template.imp
Sat Jun 18 17:19:29 Loaded file C:\OrCAD\OrCAD_10.5\tools\Layout\data\template.imp
Sat Jun 18 17:19:34 Loaded file C:\OrCAD\OrCAD_10.5\tools\Layout\library\BCON156T.llb
Sat Jun 18 17:19:35 Loaded file C:\OrCAD\OrCAD_10.5\tools\Layout\library\BCON100T.llb
Sat Jun 18 17:19:39 Loaded file C:\OrCAD\OrCAD_10.5\tools\Layout\data\template.imp
Sat Jun 18 17:19:40 Loaded file C:\OrCAD\OrCAD_10.5\tools\Layout\data\template.imp
Sat Jun 18 17:19:40 Loaded file C:\OrCAD\OrCAD_10.5\tools\Layout\data\template.imp
Sat Jun 18 17:19:40 Loaded file C:\OrCAD\OrCAD_10.5\tools\Layout\data\template.imp
Sat Jun 18 17:19:41 Loaded file C:\OrCAD\OrCAD_10.5\tools\Layout\data\template.imp
Sat Jun 18 17:19:41 Loaded file C:\OrCAD\OrCAD_10.5\tools\Layout\data\template.imp
Sat Jun 18 17:19:41 Loaded file C:\OrCAD\OrCAD_10.5\tools\Layout\data\template.imp
Sat Jun 18 17:19:42 Loaded file C:\OrCAD\OrCAD_10.5\tools\Layout\data\template.imp
Sat Jun 18 17:19:42 Loaded file C:\OrCAD\OrCAD_10.5\tools\Layout\data\template.imp
Sat Jun 18 17:19:42 Loaded file C:\OrCAD\OrCAD_10.5\tools\Layout\data\template.imp
Sat Jun 18 17:19:42 Loaded file C:\OrCAD\OrCAD_10.5\tools\Layout\data\template.imp
Sat Jun 18 17:19:42 Loaded file C:\OrCAD\OrCAD_10.5\tools\Layout\data\template.imp
Sat Jun 18 17:19:42 Loaded file C:\OrCAD\OrCAD_10.5\tools\Layout\data\template.imp
Sat Jun 18 17:19:42 Loaded file C:\OrCAD\OrCAD_10.5\tools\Layout\data\template.imp
Sat Jun 18 17:19:42 Loaded file C:\OrCAD\OrCAD_10.5\tools\Layout\data\template.imp
Sat Jun 18 17:19:42 Loaded file C:\OrCAD\OrCAD_10.5\tools\Layout\data\template.imp
Sat Jun 18 17:19:42 Loaded file C:\OrCAD\OrCAD_10.5\tools\Layout\data\template.imp
Sat Jun 18 17:19:42 Loaded file C:\OrCAD\OrCAD_10.5\tools\Layout\data\template.imp
Sat Jun 18 17:19:43 Loaded file C:\OrCAD\OrCAD_10.5\tools\Layout\data\template.imp
Sat Jun 18 17:19:43 Loaded file C:\OrCAD\OrCAD_10.5\tools\Layout\data\template.imp
Sat Jun 18 17:19:43 Loaded file C:\OrCAD\OrCAD_10.5\tools\Layout\data\template.imp
Sat Jun 18 17:19:43 Loaded file C:\OrCAD\OrCAD_10.5\tools\Layout\data\template.imp
Sat Jun 18 17:19:43 Loaded file C:\OrCAD\OrCAD_10.5\tools\Layout\data\template.imp
Sat Jun 18 17:19:43 Loaded file C:\OrCAD\OrCAD_10.5\tools\Layout\data\template.imp
Sat Jun 18 17:19:43 Loaded file C:\OrCAD\OrCAD_10.5\tools\Layout\data\template.imp
Sat Jun 18 17:19:43 Loaded file C:\OrCAD\OrCAD_10.5\tools\Layout\data\template.imp
Sat Jun 18 17:19:44 Loaded file C:\OrCAD\OrCAD_10.5\tools\Layout\data\template.imp
Sat Jun 18 17:19:44 Loaded file C:\OrCAD\OrCAD_10.5\tools\Layout\data\template.imp
Sat Jun 18 17:19:49 Loaded file C:\OrCAD\OrCAD_10.5\tools\Layout\data\template.imp
Sat Jun 18 17:19:49 Loaded file C:\OrCAD\OrCAD_10.5\tools\Layout\data\template.imp
Sat Jun 18 17:19:49 Loaded file C:\OrCAD\OrCAD_10.5\tools\Layout\data\template.imp
Sat Jun 18 17:19:49 Loaded file C:\OrCAD\OrCAD_10.5\tools\Layout\data\template.imp
Sat Jun 18 17:19:49 Loaded file C:\OrCAD\OrCAD_10.5\tools\Layout\data\template.imp
Sat Jun 18 17:19:49 Loaded file C:\OrCAD\OrCAD_10.5\tools\Layout\data\template.imp
Sat Jun 18 17:19:49 Loaded file C:\OrCAD\OrCAD_10.5\tools\Layout\data\template.imp
Sat Jun 18 17:19:49 Loaded file C:\OrCAD\OrCAD_10.5\tools\Layout\data\template.imp
Sat Jun 18 17:19:50 Loaded file C:\OrCAD\OrCAD_10.5\tools\Layout\data\template.imp
Sat Jun 18 17:19:50 Loaded file C:\OrCAD\OrCAD_10.5\tools\Layout\data\template.imp
Sat Jun 18 17:19:50 Loaded file C:\OrCAD\OrCAD_10.5\tools\Layout\data\template.imp
Sat Jun 18 17:19:52 Loaded file C:\OrCAD\OrCAD_10.5\tools\Layout\data\template.imp
Sat Jun 18 17:19:53 Loaded file C:\OrCAD\OrCAD_10.5\tools\Layout\data\template.imp
Sat Jun 18 17:19:53 Loaded file C:\OrCAD\OrCAD_10.5\tools\Layout\data\template.imp
Sat Jun 18 17:19:53 Loaded file C:\OrCAD\OrCAD_10.5\tools\Layout\data\template.imp
Sat Jun 18 17:19:53 Loaded file C:\OrCAD\OrCAD_10.5\tools\Layout\data\template.imp
Sat Jun 18 17:19:53 Loaded file C:\OrCAD\OrCAD_10.5\tools\Layout\data\template.imp
Sat Jun 18 17:19:53 Loaded file C:\OrCAD\OrCAD_10.5\tools\Layout\data\template.imp
Sat Jun 18 17:19:53 Loaded file C:\OrCAD\OrCAD_10.5\tools\Layout\data\template.imp
Sat Jun 18 17:19:53 Loaded file C:\OrCAD\OrCAD_10.5\tools\Layout\data\template.imp
Sat Jun 18 17:19:53 Loaded file C:\OrCAD\OrCAD_10.5\tools\Layout\data\template.imp
Sat Jun 18 17:19:53 Loaded file C:\OrCAD\OrCAD_10.5\tools\Layout\data\template.imp
Sat Jun 18 17:19:54 Loaded file C:\OrCAD\OrCAD_10.5\tools\Layout\data\template.imp
Sat Jun 18 17:19:54 Loaded file C:\OrCAD\OrCAD_10.5\tools\Layout\data\template.imp
Sat Jun 18 17:19:54 Loaded file C:\OrCAD\OrCAD_10.5\tools\Layout\data\template.imp
Sat Jun 18 17:19:54 Loaded file C:\OrCAD\OrCAD_10.5\tools\Layout\data\template.imp
Sat Jun 18 17:19:55 Loaded file C:\OrCAD\OrCAD_10.5\tools\Layout\data\template.imp
Sat Jun 18 17:19:55 Loaded file C:\OrCAD\OrCAD_10.5\tools\Layout\data\template.imp
Sat Jun 18 17:19:55 Loaded file C:\OrCAD\OrCAD_10.5\tools\Layout\data\template.imp
Sat Jun 18 17:19:56 Loaded file C:\OrCAD\OrCAD_10.5\tools\Layout\data\template.imp
Sat Jun 18 17:19:56 Loaded file C:\OrCAD\OrCAD_10.5\tools\Layout\data\template.imp
Sat Jun 18 17:19:56 Loaded file C:\OrCAD\OrCAD_10.5\tools\Layout\data\template.imp
Sat Jun 18 17:19:56 Loaded file C:\OrCAD\OrCAD_10.5\tools\Layout\data\template.imp
Sat Jun 18 17:19:57 Loaded file C:\OrCAD\OrCAD_10.5\tools\Layout\data\template.imp
Sat Jun 18 17:19:57 Loaded file C:\OrCAD\OrCAD_10.5\tools\Layout\data\template.imp
Sat Jun 18 17:19:57 Loaded file C:\OrCAD\OrCAD_10.5\tools\Layout\data\template.imp
Sat Jun 18 17:19:57 Loaded file C:\OrCAD\OrCAD_10.5\tools\Layout\data\template.imp
Sat Jun 18 17:20:00 Loaded file C:\OrCAD\OrCAD_10.5\tools\Layout\data\template.imp
Sat Jun 18 17:20:00 Loaded file C:\OrCAD\OrCAD_10.5\tools\Layout\data\template.imp
Sat Jun 18 17:20:00 Loaded file C:\OrCAD\OrCAD_10.5\tools\Layout\data\template.imp
Sat Jun 18 17:20:00 Loaded file C:\OrCAD\OrCAD_10.5\tools\Layout\data\template.imp
Sat Jun 18 17:20:00 Loaded file C:\OrCAD\OrCAD_10.5\tools\Layout\data\template.imp
Sat Jun 18 17:20:01 Loaded file C:\OrCAD\OrCAD_10.5\tools\Layout\data\template.imp
Sat Jun 18 17:20:02 Loaded file C:\OrCAD\OrCAD_10.5\tools\Layout\data\template.imp
Sat Jun 18 17:20:02 Loaded file C:\OrCAD\OrCAD_10.5\tools\Layout\data\template.imp
Sat Jun 18 17:20:02 Loaded file C:\OrCAD\OrCAD_10.5\tools\Layout\data\template.imp
Sat Jun 18 17:20:02 Loaded file C:\OrCAD\OrCAD_10.5\tools\Layout\data\template.imp
Sat Jun 18 17:20:02 Loaded file C:\OrCAD\OrCAD_10.5\tools\Layout\data\template.imp
Sat Jun 18 17:20:02 Loaded file C:\OrCAD\OrCAD_10.5\tools\Layout\data\template.imp
Sat Jun 18 17:20:03 Loaded file C:\OrCAD\OrCAD_10.5\tools\Layout\data\template.imp
Sat Jun 18 17:20:03 Loaded file C:\OrCAD\OrCAD_10.5\tools\Layout\data\template.imp
Sat Jun 18 17:20:03 Loaded file C:\OrCAD\OrCAD_10.5\tools\Layout\data\template.imp
Sat Jun 18 17:20:03 Loaded file C:\OrCAD\OrCAD_10.5\tools\Layout\data\template.imp
Sat Jun 18 17:20:03 Loaded file C:\OrCAD\OrCAD_10.5\tools\Layout\data\template.imp
Sat Jun 18 17:20:03 Loaded file C:\OrCAD\OrCAD_10.5\tools\Layout\data\template.imp
Sat Jun 18 17:20:04 Loaded file C:\OrCAD\OrCAD_10.5\tools\Layout\data\template.imp
Sat Jun 18 17:20:04 Loaded file C:\OrCAD\OrCAD_10.5\tools\Layout\data\template.imp
Sat Jun 18 17:20:04 Loaded file C:\OrCAD\OrCAD_10.5\tools\Layout\data\template.imp
Sat Jun 18 17:20:04 Loaded file C:\OrCAD\OrCAD_10.5\tools\Layout\data\template.imp
Sat Jun 18 17:20:04 Loaded file C:\OrCAD\OrCAD_10.5\tools\Layout\data\template.imp
Sat Jun 18 17:20:05 Loaded file C:\OrCAD\OrCAD_10.5\tools\Layout\data\template.imp
Sat Jun 18 17:20:05 Loaded file C:\OrCAD\OrCAD_10.5\tools\Layout\data\template.imp
Sat Jun 18 17:20:05 Loaded file C:\OrCAD\OrCAD_10.5\tools\Layout\data\template.imp
Sat Jun 18 17:20:05 Loaded file C:\OrCAD\OrCAD_10.5\tools\Layout\data\template.imp
Sat Jun 18 17:20:05 Loaded file C:\OrCAD\OrCAD_10.5\tools\Layout\data\template.imp
Sat Jun 18 17:20:05 Loaded file C:\OrCAD\OrCAD_10.5\tools\Layout\data\template.imp
Sat Jun 18 17:20:05 Loaded file C:\OrCAD\OrCAD_10.5\tools\Layout\data\template.imp
Sat Jun 18 17:20:06 Loaded file C:\OrCAD\OrCAD_10.5\tools\Layout\data\template.imp
Sat Jun 18 17:20:06 Loaded file C:\OrCAD\OrCAD_10.5\tools\Layout\data\template.imp
Sat Jun 18 17:20:06 Loaded file C:\OrCAD\OrCAD_10.5\tools\Layout\data\template.imp
Sat Jun 18 17:20:06 Loaded file C:\OrCAD\OrCAD_10.5\tools\Layout\data\template.imp
Sat Jun 18 17:20:06 Loaded file C:\OrCAD\OrCAD_10.5\tools\Layout\data\template.imp
Sat Jun 18 17:20:07 Loaded file C:\OrCAD\OrCAD_10.5\tools\Layout\data\template.imp
Sat Jun 18 17:20:08 Loaded file C:\OrCAD\OrCAD_10.5\tools\Layout\data\template.imp
Sat Jun 18 17:20:08 Loaded file C:\OrCAD\OrCAD_10.5\tools\Layout\data\template.imp
Sat Jun 18 17:20:08 Loaded file C:\OrCAD\OrCAD_10.5\tools\Layout\data\template.imp
Sat Jun 18 17:20:08 Loaded file C:\OrCAD\OrCAD_10.5\tools\Layout\data\template.imp
Sat Jun 18 17:20:08 Loaded file C:\OrCAD\OrCAD_10.5\tools\Layout\data\template.imp
Sat Jun 18 17:20:08 Loaded file C:\OrCAD\OrCAD_10.5\tools\Layout\data\template.imp
Sat Jun 18 17:20:09 Loaded file C:\OrCAD\OrCAD_10.5\tools\Layout\data\template.imp
Sat Jun 18 17:20:09 Loaded file C:\OrCAD\OrCAD_10.5\tools\Layout\data\template.imp
Sat Jun 18 17:20:09 Loaded file C:\OrCAD\OrCAD_10.5\tools\Layout\data\template.imp
Sat Jun 18 17:20:12 Loaded file C:\OrCAD\OrCAD_10.5\tools\Layout\data\template.imp
Sat Jun 18 17:20:19 Loaded file C:\OrCAD\OrCAD_10.5\tools\Layout\data\template.imp
Sat Jun 18 17:20:19 Loaded file C:\OrCAD\OrCAD_10.5\tools\Layout\data\template.imp
Sat Jun 18 17:20:19 Loaded file C:\OrCAD\OrCAD_10.5\tools\Layout\data\template.imp
Sat Jun 18 17:20:19 Loaded file C:\OrCAD\OrCAD_10.5\tools\Layout\data\template.imp
Sat Jun 18 17:20:19 Loaded file C:\OrCAD\OrCAD_10.5\tools\Layout\data\template.imp
Sat Jun 18 17:20:19 Loaded file C:\OrCAD\OrCAD_10.5\tools\Layout\data\template.imp
Sat Jun 18 17:20:19 Loaded file C:\OrCAD\OrCAD_10.5\tools\Layout\data\template.imp
Sat Jun 18 17:20:19 Loaded file C:\OrCAD\OrCAD_10.5\tools\Layout\data\template.imp
Sat Jun 18 17:20:20 Loaded file C:\OrCAD\OrCAD_10.5\tools\Layout\data\template.imp
Sat Jun 18 17:20:20 Loaded file C:\OrCAD\OrCAD_10.5\tools\Layout\data\template.imp
Sat Jun 18 17:20:21 Loaded file C:\OrCAD\OrCAD_10.5\tools\Layout\data\template.imp
Sat Jun 18 17:20:29 Saved as file ~undo.max
Sat Jun 18 17:20:36 Saved as file ~undo.max
Sat Jun 18 17:20:47 Loaded file C:\OrCAD\OrCAD_10.5\tools\Layout\data\template.imp
Sat Jun 18 17:20:47 Loaded file C:\OrCAD\OrCAD_10.5\tools\Layout\data\template.imp
Sat Jun 18 17:20:47 Loaded file C:\OrCAD\OrCAD_10.5\tools\Layout\data\template.imp
Sat Jun 18 17:20:47 Loaded file C:\OrCAD\OrCAD_10.5\tools\Layout\data\template.imp
Sat Jun 18 17:20:52 Loaded file C:\OrCAD\OrCAD_10.5\tools\Layout\library\BCON100T.llb
Sat Jun 18 17:21:08 Loaded file C:\OrCAD\OrCAD_10.5\tools\Layout\data\template.imp
Sat Jun 18 17:21:19 Saved as file ~undo.max
Sat Jun 18 17:21:21 Saved as file ~undo.max
Sat Jun 18 17:21:46 Saved as file D:\STUDY\ORCAD\SEMI 5\UPDATED\GASLEVELSENSUPDATED-1.MAX
Sat Jun 18 17:21:59 Saved as file ~undo.max
Sat Jun 18 17:22:03 Saved as file ~undo.max
Sat Jun 18 17:22:17 Saved as file ~undo.max
Sat Jun 18 17:22:23 Saved as file ~undo.max
Sat Jun 18 17:22:25 Saved as file ~undo.max
Sat Jun 18 17:22:44 Saved as file ~undo.max
Sat Jun 18 17:22:45 Saved as file ~undo.max
Sat Jun 18 17:22:47 Saved as file ~undo.max
Sat Jun 18 17:23:54 Saved as file D:\STUDY\ORCAD\SEMI 5\UPDATED\GASLEVELSENSUPDATED-1.MAX
Sat Jun 18 17:24:49 Saved as file BACKUP1.MAX
Sat Jun 18 17:26:12 Saved as file BACKUP1.MAX
Sat Jun 18 17:26:12 Saved as file BACKUP1.MAX
Sat Jun 18 17:26:12 Saved as file BACKUP1.MAX
Sat Jun 18 17:26:12 Routed 20 connections in 1 seconds.
Sat Jun 18 17:26:12 Total is now 20 out of 49 (40%).
Sat Jun 18 17:26:12 Saved as file SWEEP1.MAX
Sat Jun 18 17:26:14 Saved as file BACKUP1.MAX
Sat Jun 18 17:26:15 Saved as file BACKUP1.MAX
Sat Jun 18 17:26:15 Saved as file BACKUP1.MAX
Sat Jun 18 17:26:15 Routed 29 connections in 2 seconds.
Sat Jun 18 17:26:15 Total is now 49 out of 49 (100%).
Sat Jun 18 17:26:15 Saved as file SWEEP2.MAX
Sat Jun 18 17:26:16 No new connections routed.
Sat Jun 18 17:26:16 Total is now 49 out of 49 (100%).
Sat Jun 18 17:26:16 Saved as file SWEEP3.MAX
Sat Jun 18 17:26:17 No new connections routed.
Sat Jun 18 17:26:17 Total is now 49 out of 49 (100%).
Sat Jun 18 17:26:17 Saved as file SWEEP4.MAX
Sat Jun 18 17:26:18 No new connections routed.
Sat Jun 18 17:26:18 Total is now 49 out of 49 (100%).
Sat Jun 18 17:26:18 Saved as file SWEEP5.MAX
Sat Jun 18 17:35:19 Saved as file BACKUP1.MAX
Sat Jun 18 17:39:28 Saved as file ~undo.max
Sat Jun 18 17:40:47 Saved as file D:\STUDY\ORCAD\SEMI 5\UPDATED\GASLEVELSENSUPDATED-1.MAX
Sat Jun 18 17:41:21 Saved as file ~undo.max
Sat Jun 18 17:41:34 Saved as file ~undo.max
Sat Jun 18 17:42:36 Saved as file ~undo.max
Sat Jun 18 17:42:43 Saved as file D:\STUDY\ORCAD\SEMI 5\UPDATED\GASLEVELSENSUPDATED-1.MAX
Sat Jun 18 17:45:27 Saved as file ~undo.max
Sat Jun 18 17:45:28 Saved as file ~undo.max
Sat Jun 18 17:46:19 Saved as file BACKUP1.MAX
Sat Jun 18 17:56:13 Saved as file ~undo.max
Sat Jun 18 17:56:57 Loaded file C:\OrCAD\OrCAD_10.5\tools\Layout\data\template.imp
Sat Jun 18 17:56:57 Loaded file C:\OrCAD\OrCAD_10.5\tools\Layout\data\template.imp
Sat Jun 18 17:56:59 Loaded file C:\ORCAD\ORCAD_10.5\TOOLS\LAYOUT\LIBRARY\EX_GUI.LLB
Sat Jun 18 17:57:00 Loaded file C:\OrCAD\OrCAD_10.5\tools\Layout\library\DCON050T.llb
Sat Jun 18 17:57:05 Loaded file C:\OrCAD\OrCAD_10.5\tools\Layout\library\VRES.llb
Sat Jun 18 17:57:05 Loaded file C:\OrCAD\OrCAD_10.5\tools\Layout\library\WCON100T.llb
Sat Jun 18 17:57:07 Loaded file C:\OrCAD\OrCAD_10.5\tools\Layout\library\XT.llb
Sat Jun 18 17:57:07 Loaded file C:\OrCAD\OrCAD_10.5\tools\Layout\library\ZIGZAG.llb
Sat Jun 18 17:57:08 Loaded file C:\OrCAD\OrCAD_10.5\tools\Layout\library\ZIGZAG.llb
Sat Jun 18 17:57:10 Loaded file C:\OrCAD\OrCAD_10.5\tools\Layout\data\template.imp
Sat Jun 18 17:57:10 Loaded file C:\OrCAD\OrCAD_10.5\tools\Layout\data\template.imp
Sat Jun 18 17:57:11 Loaded file C:\OrCAD\OrCAD_10.5\tools\Layout\library\XT.llb
Sat Jun 18 17:57:12 Loaded file C:\OrCAD\OrCAD_10.5\tools\Layout\data\template.imp
Sat Jun 18 17:57:12 Loaded file C:\OrCAD\OrCAD_10.5\tools\Layout\data\template.imp
Sat Jun 18 17:57:13 Loaded file C:\OrCAD\OrCAD_10.5\tools\Layout\library\WCON100T.llb
Sat Jun 18 17:57:14 Loaded file C:\OrCAD\OrCAD_10.5\tools\Layout\data\template.imp
Sat Jun 18 17:57:15 Loaded file C:\OrCAD\OrCAD_10.5\tools\Layout\library\VRES.llb
Sat Jun 18 17:57:16 Loaded file C:\OrCAD\OrCAD_10.5\tools\Layout\data\template.imp
Sat Jun 18 17:57:17 Loaded file C:\OrCAD\OrCAD_10.5\tools\Layout\library\TRAINING.LLB
Sat Jun 18 17:57:24 Loaded file C:\OrCAD\OrCAD_10.5\tools\Layout\library\TELE.llb
Sat Jun 18 17:57:25 Loaded file C:\OrCAD\OrCAD_10.5\tools\Layout\data\template.imp
Sat Jun 18 17:57:27 Loaded file C:\OrCAD\OrCAD_10.5\tools\Layout\library\STIFF.llb
Sat Jun 18 17:57:29 Loaded file C:\OrCAD\OrCAD_10.5\tools\Layout\data\template.imp
Sat Jun 18 17:57:30 Loaded file C:\OrCAD\OrCAD_10.5\tools\Layout\data\template.imp
Sat Jun 18 17:57:32 Loaded file C:\OrCAD\OrCAD_10.5\tools\Layout\library\SOJ.llb
Sat Jun 18 17:57:33 Loaded file C:\OrCAD\OrCAD_10.5\tools\Layout\data\template.imp
Sat Jun 18 17:57:35 Loaded file C:\OrCAD\OrCAD_10.5\tools\Layout\library\SOG.llb
Sat Jun 18 17:57:36 Loaded file C:\OrCAD\OrCAD_10.5\tools\Layout\data\template.imp
Sat Jun 18 17:57:38 Loaded file C:\OrCAD\OrCAD_10.5\tools\Layout\library\SM.llb
Sat Jun 18 17:57:38 Loaded file C:\OrCAD\OrCAD_10.5\tools\Layout\data\template.imp
Sat Jun 18 17:57:39 Loaded file C:\OrCAD\OrCAD_10.5\tools\Layout\data\template.imp
Sat Jun 18 17:57:41 Loaded file C:\OrCAD\OrCAD_10.5\tools\Layout\library\SIP.llb
Sat Jun 18 17:57:42 Loaded file C:\OrCAD\OrCAD_10.5\tools\Layout\data\template.imp
Sat Jun 18 17:57:45 Loaded file C:\OrCAD\OrCAD_10.5\tools\Layout\library\SBUS.llb
Sat Jun 18 17:57:46 Loaded file C:\OrCAD\OrCAD_10.5\tools\Layout\data\template.imp
Sat Jun 18 17:57:48 Loaded file C:\OrCAD\OrCAD_10.5\tools\Layout\library\RF.llb
Sat Jun 18 17:57:49 Loaded file C:\OrCAD\OrCAD_10.5\tools\Layout\data\template.imp
Sat Jun 18 17:57:53 Loaded file C:\OrCAD\OrCAD_10.5\tools\Layout\library\PGA.llb
Sat Jun 18 17:57:53 Loaded file C:\OrCAD\OrCAD_10.5\tools\Layout\data\template.imp
Sat Jun 18 17:57:56 Loaded file C:\OrCAD\OrCAD_10.5\tools\Layout\library\PCI.llb
Sat Jun 18 17:57:57 Loaded file C:\OrCAD\OrCAD_10.5\tools\Layout\data\template.imp
Sat Jun 18 17:58:01 Loaded file C:\OrCAD\OrCAD_10.5\tools\Layout\library\JUMPER.LLB
Sat Jun 18 17:58:02 Loaded file C:\OrCAD\OrCAD_10.5\tools\Layout\library\LAYOUT.llb
Sat Jun 18 17:58:03 Loaded file C:\OrCAD\OrCAD_10.5\tools\Layout\data\template.imp
Sat Jun 18 17:58:03 Loaded file C:\OrCAD\OrCAD_10.5\tools\Layout\data\template.imp
Sat Jun 18 17:58:11 Loaded file C:\OrCAD\OrCAD_10.5\tools\Layout\data\template.imp
Sat Jun 18 17:58:12 Loaded file C:\OrCAD\OrCAD_10.5\tools\Layout\data\template.imp
Sat Jun 18 17:58:12 Loaded file C:\OrCAD\OrCAD_10.5\tools\Layout\data\template.imp
Sat Jun 18 17:58:13 Loaded file C:\OrCAD\OrCAD_10.5\tools\Layout\data\template.imp
Sat Jun 18 17:58:14 Loaded file C:\OrCAD\OrCAD_10.5\tools\Layout\data\template.imp
Sat Jun 18 17:58:15 Loaded file C:\OrCAD\OrCAD_10.5\tools\Layout\data\template.imp
Sat Jun 18 17:58:26 Saved as file ~undo.max
Sat Jun 18 17:58:31 Saved as file ~undo.max
Sat Jun 18 17:58:49 Saved as file BACKUP1.MAX
Sat Jun 18 17:59:01 Saved as file ~undo.max
Sat Jun 18 17:59:22 Saved as file ~undo.max
Sat Jun 18 17:59:39 Saved as file ~undo.max
Sat Jun 18 17:59:50 Saved as file ~undo.max
Sat Jun 18 17:59:53 Saved as file ~undo.max
Sat Jun 18 18:01:16 Saved as file ~undo.max
Sat Jun 18 18:02:19 Saved as file D:\STUDY\ORCAD\SEMI 5\UPDATED\GASLEVELSENSUPDATED-1.MAX
Sat Jun 18 18:02:33 Saved as file ~undo.max
Sat Jun 18 18:02:58 Saved as file ~undo.max
Sat Jun 18 18:03:14 Saved as file ~undo.max
Sat Jun 18 18:03:25 Saved as file ~undo.max
Sat Jun 18 18:03:27 Saved as file ~undo.max
Sat Jun 18 18:04:23 Saved as file ~undo.max
Sat Jun 18 18:04:27 Saved as file ~undo.max
Sat Jun 18 18:04:29 Saved as file ~undo.max
Sat Jun 18 18:14:19 Saved as file BACKUP1.MAX
Sat Jun 18 18:23:49 Saved as file D:\STUDY\ORCAD\SEMI 5\UPDATED\GASLEVELSENSUPDATED-1.MAX
Sun Jun 19 21:35:24 Saved as file BACKUP1.MAX
Sun Jun 19 21:35:24 Saved as file D:\STUDY\ORCAD\SEMI 5\GAS LEVEL SENSER UPDATED\GASLEVELSENSUPDATED-1.MAX
Sun Jun 19 21:35:27 UserDiv from Layout.INI for AutoECO: 60
Sun Jun 19 21:35:27 Loaded file D:\STUDY\ORCAD\SEMI 5\GAS LEVEL SENSER UPDATED\GASLEVELSENSUPDATED-1.MAX
Sun Jun 19 21:35:27 Loaded file C:\ORCAD\ORCAD_10.5\TOOLS\LAYOUT\LIBRARY\LM7805.LLB
Sun Jun 19 21:35:27 Loaded file C:\OrCAD\OrCAD_10.5\tools\Layout_Eng_Ed\library\BCON100T.llb
Sun Jun 19 21:35:27 Loaded file C:\OrCAD\OrCAD_10.5\tools\Layout_Eng_Ed\library\BCON156T.llb
Sun Jun 19 21:35:27 Loaded file C:\OrCAD\OrCAD_10.5\tools\Layout_Eng_Ed\library\BGA.llb
Sun Jun 19 21:35:27 Loaded file C:\OrCAD\OrCAD_10.5\tools\Layout_Eng_Ed\library\CLCC.llb
Sun Jun 19 21:35:27 Loaded file C:\OrCAD\OrCAD_10.5\tools\Layout_Eng_Ed\library\DCON050T.llb
Sun Jun 19 21:35:28 Loaded file C:\OrCAD\OrCAD_10.5\tools\Layout_Eng_Ed\library\DCON085T.llb
Sun Jun 19 21:35:28 Loaded file C:\OrCAD\OrCAD_10.5\tools\Layout_Eng_Ed\library\DIMM050F.llb
Sun Jun 19 21:35:28 Loaded file C:\OrCAD\OrCAD_10.5\tools\Layout_Eng_Ed\library\DIMM050T.llb
Sun Jun 19 21:35:28 Loaded file C:\OrCAD\OrCAD_10.5\tools\Layout_Eng_Ed\library\DIN.llb
Sun Jun 19 21:35:28 Loaded file C:\OrCAD\OrCAD_10.5\tools\Layout_Eng_Ed\library\DIP100B.llb
Sun Jun 19 21:35:28 Loaded file C:\OrCAD\OrCAD_10.5\tools\Layout_Eng_Ed\library\DIP100T.llb
Sun Jun 19 21:35:28 Loaded file C:\OrCAD\OrCAD_10.5\tools\Layout_Eng_Ed\library\DSUBT.llb
Sun Jun 19 21:35:28 Loaded file C:\OrCAD\OrCAD_10.5\tools\Layout_Eng_Ed\library\DSUBT_HD.LLB
Sun Jun 19 21:35:28 Loaded file C:\OrCAD\OrCAD_10.5\tools\Layout_Eng_Ed\library\ECON100T.llb
Sun Jun 19 21:35:28 Loaded file C:\OrCAD\OrCAD_10.5\tools\Layout_Eng_Ed\library\FBUS.llb
Sun Jun 19 21:35:28 Loaded file C:\OrCAD\OrCAD_10.5\tools\Layout_Eng_Ed\library\ISA.llb
Sun Jun 19 21:35:28 Loaded file C:\OrCAD\OrCAD_10.5\tools\Layout_Eng_Ed\library\JUMPER.LLB
Sun Jun 19 21:35:28 Loaded file C:\OrCAD\OrCAD_10.5\tools\Layout_Eng_Ed\library\LAYOUT.llb
Sun Jun 19 21:35:28 Loaded file C:\OrCAD\OrCAD_10.5\tools\Layout_Eng_Ed\library\LCON100T.llb
Sun Jun 19 21:35:28 Loaded file C:\OrCAD\OrCAD_10.5\tools\Layout_Eng_Ed\library\PC104.llb
Sun Jun 19 21:35:28 Loaded file C:\OrCAD\OrCAD_10.5\tools\Layout_Eng_Ed\library\PCI.llb
Sun Jun 19 21:35:28 Loaded file C:\OrCAD\OrCAD_10.5\tools\Layout_Eng_Ed\library\PCON100T.llb
Sun Jun 19 21:35:28 Loaded file C:\OrCAD\OrCAD_10.5\tools\Layout_Eng_Ed\library\PCON156T.llb
Sun Jun 19 21:35:28 Loaded file C:\OrCAD\OrCAD_10.5\tools\Layout_Eng_Ed\library\PGA.llb
Sun Jun 19 21:35:28 Loaded file C:\OrCAD\OrCAD_10.5\tools\Layout_Eng_Ed\library\PLCC.llb
Sun Jun 19 21:35:28 Loaded file C:\OrCAD\OrCAD_10.5\tools\Layout_Eng_Ed\library\QUAD.llb
Sun Jun 19 21:35:28 Loaded file C:\OrCAD\OrCAD_10.5\tools\Layout_Eng_Ed\library\QUADB.llb
Sun Jun 19 21:35:28 Loaded file C:\OrCAD\OrCAD_10.5\tools\Layout_Eng_Ed\library\RELAY.llb
Sun Jun 19 21:35:28 Loaded file C:\OrCAD\OrCAD_10.5\tools\Layout_Eng_Ed\library\RF.llb
Sun Jun 19 21:35:28 Loaded file C:\OrCAD\OrCAD_10.5\tools\Layout_Eng_Ed\library\SBUS.llb
Sun Jun 19 21:35:28 Loaded file C:\OrCAD\OrCAD_10.5\tools\Layout_Eng_Ed\library\SIMM050F.llb
Sun Jun 19 21:35:28 Loaded file C:\OrCAD\OrCAD_10.5\tools\Layout_Eng_Ed\library\SIMM050T.llb
Sun Jun 19 21:35:28 Loaded file C:\OrCAD\OrCAD_10.5\tools\Layout_Eng_Ed\library\SIMM100F.llb
Sun Jun 19 21:35:28 Loaded file C:\OrCAD\OrCAD_10.5\tools\Layout_Eng_Ed\library\SIMM100T.llb
Sun Jun 19 21:35:28 Loaded file C:\OrCAD\OrCAD_10.5\tools\Layout_Eng_Ed\library\SIP.llb
Sun Jun 19 21:35:28 Loaded file C:\OrCAD\OrCAD_10.5\tools\Layout_Eng_Ed\library\SM.llb
Sun Jun 19 21:35:28 Loaded file C:\OrCAD\OrCAD_10.5\tools\Layout_Eng_Ed\library\SOG.llb
Sun Jun 19 21:35:28 Loaded file C:\OrCAD\OrCAD_10.5\tools\Layout_Eng_Ed\library\SOJ.llb
Sun Jun 19 21:35:28 Loaded file C:\OrCAD\OrCAD_10.5\tools\Layout_Eng_Ed\library\STIFF.llb
Sun Jun 19 21:35:28 Loaded file C:\OrCAD\OrCAD_10.5\tools\Layout_Eng_Ed\library\TELE.llb
Sun Jun 19 21:35:28 Loaded file C:\OrCAD\OrCAD_10.5\tools\Layout_Eng_Ed\library\TM_AXIAL.llb
Sun Jun 19 21:35:28 Loaded file C:\OrCAD\OrCAD_10.5\tools\Layout_Eng_Ed\library\TM_CAP_P.llb
Sun Jun 19 21:35:28 Loaded file C:\OrCAD\OrCAD_10.5\tools\Layout_Eng_Ed\library\TM_CYLND.llb
Sun Jun 19 21:35:28 Loaded file C:\OrCAD\OrCAD_10.5\tools\Layout_Eng_Ed\library\TM_DIODE.llb
Sun Jun 19 21:35:28 Loaded file C:\OrCAD\OrCAD_10.5\tools\Layout_Eng_Ed\library\TM_DISC.llb
Sun Jun 19 21:35:28 Loaded file C:\OrCAD\OrCAD_10.5\tools\Layout_Eng_Ed\library\TM_RAD.llb
Sun Jun 19 21:35:28 Loaded file C:\OrCAD\OrCAD_10.5\tools\Layout_Eng_Ed\library\TO.llb
Sun Jun 19 21:35:28 Loaded file C:\OrCAD\OrCAD_10.5\tools\Layout_Eng_Ed\library\TRAINING.LLB
Sun Jun 19 21:35:28 Loaded file C:\OrCAD\OrCAD_10.5\tools\Layout_Eng_Ed\library\VRES.llb
Sun Jun 19 21:35:28 Loaded file C:\OrCAD\OrCAD_10.5\tools\Layout_Eng_Ed\library\WCON100T.llb
Sun Jun 19 21:35:28 Loaded file C:\OrCAD\OrCAD_10.5\tools\Layout_Eng_Ed\library\XT.llb
Sun Jun 19 21:35:28 Loaded file C:\OrCAD\OrCAD_10.5\tools\Layout_Eng_Ed\library\ZIGZAG.llb
Sun Jun 19 21:35:31 Saved as file D:\STUDY\ORCAD\SEMI 5\GAS LEVEL SENSER UPDATED\GASLEVELSENSUPDATED-2.MAX
Sun Jun 19 21:35:31 Loaded file D:\STUDY\ORCAD\SEMI 5\GAS LEVEL SENSER UPDATED\GASLEVELSENSUPDATED-2.MAX
Sun Jun 19 21:37:22 Saved as file BACKUP1.MAX
Sun Jun 19 21:37:22 Saved as file D:\STUDY\ORCAD\SEMI 5\GAS LEVEL SENSER UPDATED\GASLEVELSENSUPDATED-1.MAX
Sun Jun 19 21:37:24 UserDiv from Layout.INI for AutoECO: 60
Sun Jun 19 21:37:24 Loaded file D:\STUDY\ORCAD\SEMI 5\GAS LEVEL SENSER UPDATED\GASLEVELSENSUPDATED-1.MAX
Sun Jun 19 21:37:24 Loaded file C:\ORCAD\ORCAD_10.5\TOOLS\LAYOUT\LIBRARY\LM7805.LLB
Sun Jun 19 21:37:24 Loaded file C:\OrCAD\OrCAD_10.5\tools\Layout_Eng_Ed\library\BCON100T.llb
Sun Jun 19 21:37:24 Loaded file C:\OrCAD\OrCAD_10.5\tools\Layout_Eng_Ed\library\BCON156T.llb
Sun Jun 19 21:37:24 Loaded file C:\OrCAD\OrCAD_10.5\tools\Layout_Eng_Ed\library\BGA.llb
Sun Jun 19 21:37:24 Loaded file C:\OrCAD\OrCAD_10.5\tools\Layout_Eng_Ed\library\CLCC.llb
Sun Jun 19 21:37:24 Loaded file C:\OrCAD\OrCAD_10.5\tools\Layout_Eng_Ed\library\DCON050T.llb
Sun Jun 19 21:37:24 Loaded file C:\OrCAD\OrCAD_10.5\tools\Layout_Eng_Ed\library\DCON085T.llb
Sun Jun 19 21:37:24 Loaded file C:\OrCAD\OrCAD_10.5\tools\Layout_Eng_Ed\library\DIMM050F.llb
Sun Jun 19 21:37:24 Loaded file C:\OrCAD\OrCAD_10.5\tools\Layout_Eng_Ed\library\DIMM050T.llb
Sun Jun 19 21:37:24 Loaded file C:\OrCAD\OrCAD_10.5\tools\Layout_Eng_Ed\library\DIN.llb
Sun Jun 19 21:37:24 Loaded file C:\OrCAD\OrCAD_10.5\tools\Layout_Eng_Ed\library\DIP100B.llb
Sun Jun 19 21:37:24 Loaded file C:\OrCAD\OrCAD_10.5\tools\Layout_Eng_Ed\library\DIP100T.llb
Sun Jun 19 21:37:24 Loaded file C:\OrCAD\OrCAD_10.5\tools\Layout_Eng_Ed\library\DSUBT.llb
Sun Jun 19 21:37:24 Loaded file C:\OrCAD\OrCAD_10.5\tools\Layout_Eng_Ed\library\DSUBT_HD.LLB
Sun Jun 19 21:37:24 Loaded file C:\OrCAD\OrCAD_10.5\tools\Layout_Eng_Ed\library\ECON100T.llb
Sun Jun 19 21:37:24 Loaded file C:\OrCAD\OrCAD_10.5\tools\Layout_Eng_Ed\library\FBUS.llb
Sun Jun 19 21:37:24 Loaded file C:\OrCAD\OrCAD_10.5\tools\Layout_Eng_Ed\library\ISA.llb
Sun Jun 19 21:37:24 Loaded file C:\OrCAD\OrCAD_10.5\tools\Layout_Eng_Ed\library\JUMPER.LLB
Sun Jun 19 21:37:24 Loaded file C:\OrCAD\OrCAD_10.5\tools\Layout_Eng_Ed\library\LAYOUT.llb
Sun Jun 19 21:37:24 Loaded file C:\OrCAD\OrCAD_10.5\tools\Layout_Eng_Ed\library\LCON100T.llb
Sun Jun 19 21:37:24 Loaded file C:\OrCAD\OrCAD_10.5\tools\Layout_Eng_Ed\library\PC104.llb
Sun Jun 19 21:37:24 Loaded file C:\OrCAD\OrCAD_10.5\tools\Layout_Eng_Ed\library\PCI.llb
Sun Jun 19 21:37:24 Loaded file C:\OrCAD\OrCAD_10.5\tools\Layout_Eng_Ed\library\PCON100T.llb
Sun Jun 19 21:37:24 Loaded file C:\OrCAD\OrCAD_10.5\tools\Layout_Eng_Ed\library\PCON156T.llb
Sun Jun 19 21:37:24 Loaded file C:\OrCAD\OrCAD_10.5\tools\Layout_Eng_Ed\library\PGA.llb
Sun Jun 19 21:37:24 Loaded file C:\OrCAD\OrCAD_10.5\tools\Layout_Eng_Ed\library\PLCC.llb
Sun Jun 19 21:37:24 Loaded file C:\OrCAD\OrCAD_10.5\tools\Layout_Eng_Ed\library\QUAD.llb
Sun Jun 19 21:37:24 Loaded file C:\OrCAD\OrCAD_10.5\tools\Layout_Eng_Ed\library\QUADB.llb
Sun Jun 19 21:37:24 Loaded file C:\OrCAD\OrCAD_10.5\tools\Layout_Eng_Ed\library\RELAY.llb
Sun Jun 19 21:37:24 Loaded file C:\OrCAD\OrCAD_10.5\tools\Layout_Eng_Ed\library\RF.llb
Sun Jun 19 21:37:24 Loaded file C:\OrCAD\OrCAD_10.5\tools\Layout_Eng_Ed\library\SBUS.llb
Sun Jun 19 21:37:24 Loaded file C:\OrCAD\OrCAD_10.5\tools\Layout_Eng_Ed\library\SIMM050F.llb
Sun Jun 19 21:37:24 Loaded file C:\OrCAD\OrCAD_10.5\tools\Layout_Eng_Ed\library\SIMM050T.llb
Sun Jun 19 21:37:24 Loaded file C:\OrCAD\OrCAD_10.5\tools\Layout_Eng_Ed\library\SIMM100F.llb
Sun Jun 19 21:37:24 Loaded file C:\OrCAD\OrCAD_10.5\tools\Layout_Eng_Ed\library\SIMM100T.llb
Sun Jun 19 21:37:24 Loaded file C:\OrCAD\OrCAD_10.5\tools\Layout_Eng_Ed\library\SIP.llb
Sun Jun 19 21:37:24 Loaded file C:\OrCAD\OrCAD_10.5\tools\Layout_Eng_Ed\library\SM.llb
Sun Jun 19 21:37:24 Loaded file C:\OrCAD\OrCAD_10.5\tools\Layout_Eng_Ed\library\SOG.llb
Sun Jun 19 21:37:24 Loaded file C:\OrCAD\OrCAD_10.5\tools\Layout_Eng_Ed\library\SOJ.llb
Sun Jun 19 21:37:24 Loaded file C:\OrCAD\OrCAD_10.5\tools\Layout_Eng_Ed\library\STIFF.llb
Sun Jun 19 21:37:24 Loaded file C:\OrCAD\OrCAD_10.5\tools\Layout_Eng_Ed\library\TELE.llb
Sun Jun 19 21:37:24 Loaded file C:\OrCAD\OrCAD_10.5\tools\Layout_Eng_Ed\library\TM_AXIAL.llb
Sun Jun 19 21:37:24 Loaded file C:\OrCAD\OrCAD_10.5\tools\Layout_Eng_Ed\library\TM_CAP_P.llb
Sun Jun 19 21:37:24 Loaded file C:\OrCAD\OrCAD_10.5\tools\Layout_Eng_Ed\library\TM_CYLND.llb
Sun Jun 19 21:37:24 Loaded file C:\OrCAD\OrCAD_10.5\tools\Layout_Eng_Ed\library\TM_DIODE.llb
Sun Jun 19 21:37:24 Loaded file C:\OrCAD\OrCAD_10.5\tools\Layout_Eng_Ed\library\TM_DISC.llb
Sun Jun 19 21:37:24 Loaded file C:\OrCAD\OrCAD_10.5\tools\Layout_Eng_Ed\library\TM_RAD.llb
Sun Jun 19 21:37:24 Loaded file C:\OrCAD\OrCAD_10.5\tools\Layout_Eng_Ed\library\TO.llb
Sun Jun 19 21:37:25 Loaded file C:\OrCAD\OrCAD_10.5\tools\Layout_Eng_Ed\library\TRAINING.LLB
Sun Jun 19 21:37:25 Loaded file C:\OrCAD\OrCAD_10.5\tools\Layout_Eng_Ed\library\VRES.llb
Sun Jun 19 21:37:25 Loaded file C:\OrCAD\OrCAD_10.5\tools\Layout_Eng_Ed\library\WCON100T.llb
Sun Jun 19 21:37:25 Loaded file C:\OrCAD\OrCAD_10.5\tools\Layout_Eng_Ed\library\XT.llb
Sun Jun 19 21:37:25 Loaded file C:\OrCAD\OrCAD_10.5\tools\Layout_Eng_Ed\library\ZIGZAG.llb
Sun Jun 19 21:37:27 Saved as file D:\STUDY\ORCAD\SEMI 5\GAS LEVEL SENSER UPDATED\GASLEVELSENSUPDATED-2.MAX
Sun Jun 19 21:37:27 Loaded file D:\STUDY\ORCAD\SEMI 5\GAS LEVEL SENSER UPDATED\GASLEVELSENSUPDATED-2.MAX
Sun Jun 19 21:38:33 Saved as file ~undo.max
Sun Jun 19 21:39:12 Saved as file D:\STUDY\ORCAD\SEMI 5\GAS LEVEL SENSER UPDATED\GASLEVELSENSUPDATED-1.MAX
Sun Jun 19 21:39:20 Saved as file D:\STUDY\ORCAD\SEMI 5\GAS LEVEL SENSER UPDATED\GASLEVELSENSUPDATED-1.MAX
Sun Jun 19 21:40:31 Saved as file BACKUP1.MAX
Sun Jun 19 21:40:31 Saved as file D:\STUDY\ORCAD\SEMI 5\UPDATED\GASLEVELSENSUPDATED-1.MAX
Sun Jun 19 21:40:34 UserDiv from Layout.INI for AutoECO: 60
Sun Jun 19 21:40:34 Loaded file D:\STUDY\ORCAD\SEMI 5\UPDATED\GASLEVELSENSUPDATED-1.MAX
Sun Jun 19 21:40:34 Loaded file C:\ORCAD\ORCAD_10.5\TOOLS\LAYOUT\LIBRARY\LM7805.LLB
Sun Jun 19 21:40:34 Loaded file C:\OrCAD\OrCAD_10.5\tools\Layout_Eng_Ed\library\BCON100T.llb
Sun Jun 19 21:40:34 Loaded file C:\OrCAD\OrCAD_10.5\tools\Layout_Eng_Ed\library\BCON156T.llb
Sun Jun 19 21:40:34 Loaded file C:\OrCAD\OrCAD_10.5\tools\Layout_Eng_Ed\library\BGA.llb
Sun Jun 19 21:40:34 Loaded file C:\OrCAD\OrCAD_10.5\tools\Layout_Eng_Ed\library\CLCC.llb
Sun Jun 19 21:40:34 Loaded file C:\OrCAD\OrCAD_10.5\tools\Layout_Eng_Ed\library\DCON050T.llb
Sun Jun 19 21:40:34 Loaded file C:\OrCAD\OrCAD_10.5\tools\Layout_Eng_Ed\library\DCON085T.llb
Sun Jun 19 21:40:34 Loaded file C:\OrCAD\OrCAD_10.5\tools\Layout_Eng_Ed\library\DIMM050F.llb
Sun Jun 19 21:40:34 Loaded file C:\OrCAD\OrCAD_10.5\tools\Layout_Eng_Ed\library\DIMM050T.llb
Sun Jun 19 21:40:34 Loaded file C:\OrCAD\OrCAD_10.5\tools\Layout_Eng_Ed\library\DIN.llb
Sun Jun 19 21:40:34 Loaded file C:\OrCAD\OrCAD_10.5\tools\Layout_Eng_Ed\library\DIP100B.llb
Sun Jun 19 21:40:34 Loaded file C:\OrCAD\OrCAD_10.5\tools\Layout_Eng_Ed\library\DIP100T.llb
Sun Jun 19 21:40:34 Loaded file C:\OrCAD\OrCAD_10.5\tools\Layout_Eng_Ed\library\DSUBT.llb
Sun Jun 19 21:40:34 Loaded file C:\OrCAD\OrCAD_10.5\tools\Layout_Eng_Ed\library\DSUBT_HD.LLB
Sun Jun 19 21:40:34 Loaded file C:\OrCAD\OrCAD_10.5\tools\Layout_Eng_Ed\library\ECON100T.llb
Sun Jun 19 21:40:34 Loaded file C:\OrCAD\OrCAD_10.5\tools\Layout_Eng_Ed\library\FBUS.llb
Sun Jun 19 21:40:34 Loaded file C:\OrCAD\OrCAD_10.5\tools\Layout_Eng_Ed\library\ISA.llb
Sun Jun 19 21:40:34 Loaded file C:\OrCAD\OrCAD_10.5\tools\Layout_Eng_Ed\library\JUMPER.LLB
Sun Jun 19 21:40:34 Loaded file C:\OrCAD\OrCAD_10.5\tools\Layout_Eng_Ed\library\LAYOUT.llb
Sun Jun 19 21:40:34 Loaded file C:\OrCAD\OrCAD_10.5\tools\Layout_Eng_Ed\library\LCON100T.llb
Sun Jun 19 21:40:34 Loaded file C:\OrCAD\OrCAD_10.5\tools\Layout_Eng_Ed\library\PC104.llb
Sun Jun 19 21:40:34 Loaded file C:\OrCAD\OrCAD_10.5\tools\Layout_Eng_Ed\library\PCI.llb
Sun Jun 19 21:40:34 Loaded file C:\OrCAD\OrCAD_10.5\tools\Layout_Eng_Ed\library\PCON100T.llb
Sun Jun 19 21:40:34 Loaded file C:\OrCAD\OrCAD_10.5\tools\Layout_Eng_Ed\library\PCON156T.llb
Sun Jun 19 21:40:34 Loaded file C:\OrCAD\OrCAD_10.5\tools\Layout_Eng_Ed\library\PGA.llb
Sun Jun 19 21:40:34 Loaded file C:\OrCAD\OrCAD_10.5\tools\Layout_Eng_Ed\library\PLCC.llb
Sun Jun 19 21:40:34 Loaded file C:\OrCAD\OrCAD_10.5\tools\Layout_Eng_Ed\library\QUAD.llb
Sun Jun 19 21:40:34 Loaded file C:\OrCAD\OrCAD_10.5\tools\Layout_Eng_Ed\library\QUADB.llb
Sun Jun 19 21:40:34 Loaded file C:\OrCAD\OrCAD_10.5\tools\Layout_Eng_Ed\library\RELAY.llb
Sun Jun 19 21:40:34 Loaded file C:\OrCAD\OrCAD_10.5\tools\Layout_Eng_Ed\library\RF.llb
Sun Jun 19 21:40:34 Loaded file C:\OrCAD\OrCAD_10.5\tools\Layout_Eng_Ed\library\SBUS.llb
Sun Jun 19 21:40:34 Loaded file C:\OrCAD\OrCAD_10.5\tools\Layout_Eng_Ed\library\SIMM050F.llb
Sun Jun 19 21:40:34 Loaded file C:\OrCAD\OrCAD_10.5\tools\Layout_Eng_Ed\library\SIMM050T.llb
Sun Jun 19 21:40:34 Loaded file C:\OrCAD\OrCAD_10.5\tools\Layout_Eng_Ed\library\SIMM100F.llb
Sun Jun 19 21:40:34 Loaded file C:\OrCAD\OrCAD_10.5\tools\Layout_Eng_Ed\library\SIMM100T.llb
Sun Jun 19 21:40:34 Loaded file C:\OrCAD\OrCAD_10.5\tools\Layout_Eng_Ed\library\SIP.llb
Sun Jun 19 21:40:34 Loaded file C:\OrCAD\OrCAD_10.5\tools\Layout_Eng_Ed\library\SM.llb
Sun Jun 19 21:40:34 Loaded file C:\OrCAD\OrCAD_10.5\tools\Layout_Eng_Ed\library\SOG.llb
Sun Jun 19 21:40:34 Loaded file C:\OrCAD\OrCAD_10.5\tools\Layout_Eng_Ed\library\SOJ.llb
Sun Jun 19 21:40:34 Loaded file C:\OrCAD\OrCAD_10.5\tools\Layout_Eng_Ed\library\STIFF.llb
Sun Jun 19 21:40:34 Loaded file C:\OrCAD\OrCAD_10.5\tools\Layout_Eng_Ed\library\TELE.llb
Sun Jun 19 21:40:34 Loaded file C:\OrCAD\OrCAD_10.5\tools\Layout_Eng_Ed\library\TM_AXIAL.llb
Sun Jun 19 21:40:34 Loaded file C:\OrCAD\OrCAD_10.5\tools\Layout_Eng_Ed\library\TM_CAP_P.llb
Sun Jun 19 21:40:34 Loaded file C:\OrCAD\OrCAD_10.5\tools\Layout_Eng_Ed\library\TM_CYLND.llb
Sun Jun 19 21:40:34 Loaded file C:\OrCAD\OrCAD_10.5\tools\Layout_Eng_Ed\library\TM_DIODE.llb
Sun Jun 19 21:40:34 Loaded file C:\OrCAD\OrCAD_10.5\tools\Layout_Eng_Ed\library\TM_DISC.llb
Sun Jun 19 21:40:34 Loaded file C:\OrCAD\OrCAD_10.5\tools\Layout_Eng_Ed\library\TM_RAD.llb
Sun Jun 19 21:40:34 Loaded file C:\OrCAD\OrCAD_10.5\tools\Layout_Eng_Ed\library\TO.llb
Sun Jun 19 21:40:34 Loaded file C:\OrCAD\OrCAD_10.5\tools\Layout_Eng_Ed\library\TRAINING.LLB
Sun Jun 19 21:40:34 Loaded file C:\OrCAD\OrCAD_10.5\tools\Layout_Eng_Ed\library\VRES.llb
Sun Jun 19 21:40:34 Loaded file C:\OrCAD\OrCAD_10.5\tools\Layout_Eng_Ed\library\WCON100T.llb
Sun Jun 19 21:40:34 Loaded file C:\OrCAD\OrCAD_10.5\tools\Layout_Eng_Ed\library\XT.llb
Sun Jun 19 21:40:34 Loaded file C:\OrCAD\OrCAD_10.5\tools\Layout_Eng_Ed\library\ZIGZAG.llb
Sun Jun 19 21:40:43 Loaded file D:\STUDY\ORCAD\SEMI 5\UPDATED\GASLEVELSENSUPDATED-1.MAX
Sun Jun 19 21:40:43 Saved as file D:\STUDY\ORCAD\SEMI 5\UPDATED\GASLEVELSENSUPDATED-1.MAX
Sun Jun 19 21:40:43 Loaded file D:\STUDY\ORCAD\SEMI 5\UPDATED\GASLEVELSENSUPDATED-1.MAX
Sun Jun 19 21:40:51 Saved as file D:\STUDY\ORCAD\SEMI 5\UPDATED\GASLEVELSENSUPDATED-1.MAX
Sun Jun 19 21:41:45 Saved as file BACKUP1.MAX
Sun Jun 19 21:41:45 Saved as file D:\STUDY\ORCAD\SEMI 5\GAS LEVEL SENSING UPDATED\GASLEVELSENSUPDATED-1.MAX
Sun Jun 19 21:41:47 UserDiv from Layout.INI for AutoECO: 60
Sun Jun 19 21:41:47 Loaded file D:\STUDY\ORCAD\SEMI 5\GAS LEVEL SENSING UPDATED\GASLEVELSENSUPDATED-1.MAX
Sun Jun 19 21:41:47 Loaded file C:\ORCAD\ORCAD_10.5\TOOLS\LAYOUT\LIBRARY\LM7805.LLB
Sun Jun 19 21:41:47 Loaded file C:\OrCAD\OrCAD_10.5\tools\Layout_Eng_Ed\library\BCON100T.llb
Sun Jun 19 21:41:47 Loaded file C:\OrCAD\OrCAD_10.5\tools\Layout_Eng_Ed\library\BCON156T.llb
Sun Jun 19 21:41:47 Loaded file C:\OrCAD\OrCAD_10.5\tools\Layout_Eng_Ed\library\BGA.llb
Sun Jun 19 21:41:47 Loaded file C:\OrCAD\OrCAD_10.5\tools\Layout_Eng_Ed\library\CLCC.llb
Sun Jun 19 21:41:47 Loaded file C:\OrCAD\OrCAD_10.5\tools\Layout_Eng_Ed\library\DCON050T.llb
Sun Jun 19 21:41:47 Loaded file C:\OrCAD\OrCAD_10.5\tools\Layout_Eng_Ed\library\DCON085T.llb
Sun Jun 19 21:41:47 Loaded file C:\OrCAD\OrCAD_10.5\tools\Layout_Eng_Ed\library\DIMM050F.llb
Sun Jun 19 21:41:47 Loaded file C:\OrCAD\OrCAD_10.5\tools\Layout_Eng_Ed\library\DIMM050T.llb
Sun Jun 19 21:41:47 Loaded file C:\OrCAD\OrCAD_10.5\tools\Layout_Eng_Ed\library\DIN.llb
Sun Jun 19 21:41:47 Loaded file C:\OrCAD\OrCAD_10.5\tools\Layout_Eng_Ed\library\DIP100B.llb
Sun Jun 19 21:41:47 Loaded file C:\OrCAD\OrCAD_10.5\tools\Layout_Eng_Ed\library\DIP100T.llb
Sun Jun 19 21:41:47 Loaded file C:\OrCAD\OrCAD_10.5\tools\Layout_Eng_Ed\library\DSUBT.llb
Sun Jun 19 21:41:47 Loaded file C:\OrCAD\OrCAD_10.5\tools\Layout_Eng_Ed\library\DSUBT_HD.LLB
Sun Jun 19 21:41:47 Loaded file C:\OrCAD\OrCAD_10.5\tools\Layout_Eng_Ed\library\ECON100T.llb
Sun Jun 19 21:41:47 Loaded file C:\OrCAD\OrCAD_10.5\tools\Layout_Eng_Ed\library\FBUS.llb
Sun Jun 19 21:41:47 Loaded file C:\OrCAD\OrCAD_10.5\tools\Layout_Eng_Ed\library\ISA.llb
Sun Jun 19 21:41:47 Loaded file C:\OrCAD\OrCAD_10.5\tools\Layout_Eng_Ed\library\JUMPER.LLB
Sun Jun 19 21:41:47 Loaded file C:\OrCAD\OrCAD_10.5\tools\Layout_Eng_Ed\library\LAYOUT.llb
Sun Jun 19 21:41:47 Loaded file C:\OrCAD\OrCAD_10.5\tools\Layout_Eng_Ed\library\LCON100T.llb
Sun Jun 19 21:41:47 Loaded file C:\OrCAD\OrCAD_10.5\tools\Layout_Eng_Ed\library\PC104.llb
Sun Jun 19 21:41:47 Loaded file C:\OrCAD\OrCAD_10.5\tools\Layout_Eng_Ed\library\PCI.llb
Sun Jun 19 21:41:47 Loaded file C:\OrCAD\OrCAD_10.5\tools\Layout_Eng_Ed\library\PCON100T.llb
Sun Jun 19 21:41:47 Loaded file C:\OrCAD\OrCAD_10.5\tools\Layout_Eng_Ed\library\PCON156T.llb
Sun Jun 19 21:41:47 Loaded file C:\OrCAD\OrCAD_10.5\tools\Layout_Eng_Ed\library\PGA.llb
Sun Jun 19 21:41:47 Loaded file C:\OrCAD\OrCAD_10.5\tools\Layout_Eng_Ed\library\PLCC.llb
Sun Jun 19 21:41:47 Loaded file C:\OrCAD\OrCAD_10.5\tools\Layout_Eng_Ed\library\QUAD.llb
Sun Jun 19 21:41:47 Loaded file C:\OrCAD\OrCAD_10.5\tools\Layout_Eng_Ed\library\QUADB.llb
Sun Jun 19 21:41:47 Loaded file C:\OrCAD\OrCAD_10.5\tools\Layout_Eng_Ed\library\RELAY.llb
Sun Jun 19 21:41:47 Loaded file C:\OrCAD\OrCAD_10.5\tools\Layout_Eng_Ed\library\RF.llb
Sun Jun 19 21:41:47 Loaded file C:\OrCAD\OrCAD_10.5\tools\Layout_Eng_Ed\library\SBUS.llb
Sun Jun 19 21:41:47 Loaded file C:\OrCAD\OrCAD_10.5\tools\Layout_Eng_Ed\library\SIMM050F.llb
Sun Jun 19 21:41:47 Loaded file C:\OrCAD\OrCAD_10.5\tools\Layout_Eng_Ed\library\SIMM050T.llb
Sun Jun 19 21:41:47 Loaded file C:\OrCAD\OrCAD_10.5\tools\Layout_Eng_Ed\library\SIMM100F.llb
Sun Jun 19 21:41:47 Loaded file C:\OrCAD\OrCAD_10.5\tools\Layout_Eng_Ed\library\SIMM100T.llb
Sun Jun 19 21:41:47 Loaded file C:\OrCAD\OrCAD_10.5\tools\Layout_Eng_Ed\library\SIP.llb
Sun Jun 19 21:41:47 Loaded file C:\OrCAD\OrCAD_10.5\tools\Layout_Eng_Ed\library\SM.llb
Sun Jun 19 21:41:47 Loaded file C:\OrCAD\OrCAD_10.5\tools\Layout_Eng_Ed\library\SOG.llb
Sun Jun 19 21:41:47 Loaded file C:\OrCAD\OrCAD_10.5\tools\Layout_Eng_Ed\library\SOJ.llb
Sun Jun 19 21:41:47 Loaded file C:\OrCAD\OrCAD_10.5\tools\Layout_Eng_Ed\library\STIFF.llb
Sun Jun 19 21:41:47 Loaded file C:\OrCAD\OrCAD_10.5\tools\Layout_Eng_Ed\library\TELE.llb
Sun Jun 19 21:41:47 Loaded file C:\OrCAD\OrCAD_10.5\tools\Layout_Eng_Ed\library\TM_AXIAL.llb
Sun Jun 19 21:41:47 Loaded file C:\OrCAD\OrCAD_10.5\tools\Layout_Eng_Ed\library\TM_CAP_P.llb
Sun Jun 19 21:41:47 Loaded file C:\OrCAD\OrCAD_10.5\tools\Layout_Eng_Ed\library\TM_CYLND.llb
Sun Jun 19 21:41:47 Loaded file C:\OrCAD\OrCAD_10.5\tools\Layout_Eng_Ed\library\TM_DIODE.llb
Sun Jun 19 21:41:47 Loaded file C:\OrCAD\OrCAD_10.5\tools\Layout_Eng_Ed\library\TM_DISC.llb
Sun Jun 19 21:41:47 Loaded file C:\OrCAD\OrCAD_10.5\tools\Layout_Eng_Ed\library\TM_RAD.llb
Sun Jun 19 21:41:47 Loaded file C:\OrCAD\OrCAD_10.5\tools\Layout_Eng_Ed\library\TO.llb
Sun Jun 19 21:41:47 Loaded file C:\OrCAD\OrCAD_10.5\tools\Layout_Eng_Ed\library\TRAINING.LLB
Sun Jun 19 21:41:47 Loaded file C:\OrCAD\OrCAD_10.5\tools\Layout_Eng_Ed\library\VRES.llb
Sun Jun 19 21:41:47 Loaded file C:\OrCAD\OrCAD_10.5\tools\Layout_Eng_Ed\library\WCON100T.llb
Sun Jun 19 21:41:47 Loaded file C:\OrCAD\OrCAD_10.5\tools\Layout_Eng_Ed\library\XT.llb
Sun Jun 19 21:41:47 Loaded file C:\OrCAD\OrCAD_10.5\tools\Layout_Eng_Ed\library\ZIGZAG.llb
Sun Jun 19 21:41:48 Loaded file D:\STUDY\ORCAD\SEMI 5\GAS LEVEL SENSING UPDATED\GASLEVELSENSUPDATED-1.MAX
Sun Jun 19 21:41:48 Saved as file D:\STUDY\ORCAD\SEMI 5\GAS LEVEL SENSING UPDATED\GASLEVELSENSUPDATED-1.MAX
Sun Jun 19 21:41:50 Loaded file D:\STUDY\ORCAD\SEMI 5\GAS LEVEL SENSING UPDATED\GASLEVELSENSUPDATED-1.MAX
Sun Jun 19 21:41:53 Saved as file D:\STUDY\ORCAD\SEMI 5\GAS LEVEL SENSING UPDATED\GASLEVELSENSUPDATED-1.MAX
Sun Jun 19 21:41:54 Saved as file D:\STUDY\ORCAD\SEMI 5\GAS LEVEL SENSING UPDATED\GASLEVELSENSUPDATED-1.MAX
Sun Jun 19 22:29:30 Saved as file BACKUP1.MAX
Sun Jun 19 22:40:00 Saved as file BACKUP1.MAX
Sun Jun 19 22:50:30 Saved as file BACKUP1.MAX
Sun Jun 19 23:01:00 Saved as file BACKUP1.MAX
Thu Jun 23 09:59:02 Saved as file ~undo.max
Thu Jun 23 10:02:11 Saved as file ~undo.max
Thu Jun 23 10:02:21 Saved as file ~undo.max
Thu Jun 23 10:03:06 Saved as file D:\STUDY\ORCAD\SEMI 5\GAS LEVEL SENSING UPDATED\GASLEVELSENSUPDATED-1.MAX
Thu Jun 23 10:03:07 Saved as file D:\STUDY\ORCAD\SEMI 5\GAS LEVEL SENSING UPDATED\GASLEVELSENSUPDATED-1.MAX
Thu Jun 23 10:03:11 Saved as file D:\STUDY\ORCAD\SEMI 5\GAS LEVEL SENSING UPDATED\GASLEVELSENSUPDATED-1.MAX
Thu Jun 23 10:03:15 Saved as file D:\STUDY\ORCAD\SEMI 5\GAS LEVEL SENSING UPDATED\GASLEVELSENSUPDATED-1.MAX
Thu Jun 23 10:04:34 Saved as file ~undo.max
Thu Jun 23 10:04:53 Saved as file ~undo.max
Thu Jun 23 10:09:32 Saved as file D:\STUDY\ORCAD\SEMI 5\GAS LEVEL SENSING UPDATED\GASLEVELSENSUPDATED-1.MAX
Thu Jun 23 10:09:34 Saved as file D:\STUDY\ORCAD\SEMI 5\GAS LEVEL SENSING UPDATED\GASLEVELSENSUPDATED-1.MAX
Thu Jun 23 10:10:31 Saved as file D:\STUDY\ORCAD\SEMI 5\GAS LEVEL SENSING UPDATED\GASLEVELSENSUPDATED-2.MAX
Thu Jun 23 10:10:40 Saved as file ~undo.max
Thu Jun 23 10:13:21 Saved as file D:\STUDY\ORCAD\SEMI 5\GAS LEVEL SENSING UPDATED\GASLEVELSENSUPDATED-2.MAX
Thu Jun 23 10:13:24 Saved as file ~undo.max
Thu Jun 23 10:14:02 Saved as file D:\STUDY\ORCAD\SEMI 5\GAS LEVEL SENSING UPDATED\GASLEVELSENSUPDATED-2.MAX
Thu Jun 23 10:17:52 Saved as file ~undo.max
Thu Jun 23 10:23:19 Saved as file D:\STUDY\ORCAD\SEMI 5\GAS LEVEL SENSING UPDATED\GASLEVELSENSUPDATED-2.MAX
